Base path: 'C:/Program Files/Unity/Hub/Editor/2019.4.26f1/Editor/Data', plugins path 'C:/Program Files/Unity/Hub/Editor/2019.4.26f1/Editor/Data/PlaybackEngines'
Cmd: initializeCompiler
Cmd: compileComputeKernel
  api=18 insize=18337 outsize=33093 ok=1
Cmd: compileComputeKernel
  api=4 insize=18337 outsize=8653 ok=1
Cmd: compileComputeKernel
  api=4 insize=18337 outsize=10507 ok=1
Cmd: compileComputeKernel
  api=18 insize=1562 outsize=5231 ok=1
Cmd: compileComputeKernel
  api=9 insize=5017 outsize=7783 ok=1
Cmd: compileComputeKernel
  api=4 insize=5017 outsize=4117 ok=1
Cmd: compileComputeKernel
  api=18 insize=1914 outsize=2489 ok=1
Cmd: compileComputeKernel
  api=18 insize=10935 outsize=40108 ok=1
Cmd: compileComputeKernel
  api=18 insize=2167 outsize=1256 ok=1
Cmd: compileComputeKernel
  api=18 insize=3246 outsize=5636 ok=1
Cmd: shutdown
