Base path: 'C:/Program Files/Unity/Hub/Editor/2019.4.26f1/Editor/Data', plugins path 'C:/Program Files/Unity/Hub/Editor/2019.4.26f1/Editor/Data/PlaybackEngines'
Cmd: initializeCompiler
Cmd: compileComputeKernel
  api=18 insize=18337 outsize=32670 ok=1
Cmd: compileComputeKernel
  api=18 insize=18337 outsize=57258 ok=1
Cmd: compileComputeKernel
  api=18 insize=1230 outsize=3324 ok=1
Cmd: compileComputeKernel
  api=18 insize=5017 outsize=38014 ok=1
Cmd: compileComputeKernel
  api=4 insize=3190 outsize=47803 ok=1
Cmd: compileComputeKernel
  api=18 insize=10935 outsize=48613 ok=1
Cmd: compileComputeKernel
  api=18 insize=2098 outsize=4124 ok=1
Cmd: compileComputeKernel
  api=4 insize=3246 outsize=375 ok=1
Cmd: compileSnippet
  api=4 type=0 insize=2984 outsize=1306 kw= pd=UNITY_NO_DXT5nm UNITY_ENABLE_REFLECTION_BUFFERS UNITY_NO_CUBEMAP_ARRAY UNITY_NO_SCREENSPACE_SHADOWS UNITY_PBS_USE_BRDF2 SHADER_API_DESKTOP UNITY_HARDWARE_TIER3 UNITY_COLORSPACE_GAMMA UNITY_LIGHTMAP_DLDR_ENCODING ok=1
Cmd: shutdown
